
SQL*Loader: Release 11.2.0.2.0 - Production on Thu Jul 26 12:01:32 2018

Copyright (c) 1982, 2009, Oracle and/or its affiliates.  All rights reserved.

Control File:   loader1.ctl
Data File:      loader1.dat
  Bad File:     loader1.bad
  Discard File:  none specified
 
 (Allow all discards)

Number to load: ALL
Number to skip: 0
Errors allowed: 50
Bind array:     64 rows, maximum of 256000 bytes
Continuation:    none specified
Path used:      Conventional

Table XYZ, loaded from every logical record.
Insert option in effect for this table: INSERT

   Column Name                  Position   Len  Term Encl Datatype
------------------------------ ---------- ----- ---- ---- ---------------------
I                                   FIRST     *   ,       CHARACTER            
S                                    NEXT     *   ,       CHARACTER            
D                                    NEXT     *   ,       DATE dd-mon-yyyy     


Table XYZ:
  10 Rows successfully loaded.
  0 Rows not loaded due to data errors.
  0 Rows not loaded because all WHEN clauses were failed.
  0 Rows not loaded because all fields were null.


Space allocated for bind array:                  49536 bytes(64 rows)
Read   buffer bytes: 1048576

Total logical records skipped:          0
Total logical records read:            10
Total logical records rejected:         0
Total logical records discarded:        0

Run began on Thu Jul 26 12:01:32 2018
Run ended on Thu Jul 26 12:01:39 2018

Elapsed time was:     00:00:07.51
CPU time was:         00:00:00.02
